Determining if the pthread_create exist failed with the following output:
Change Dir: /home/zejian/final_proj_short_cut/build/CMakeFiles/CMakeTmp

Run Build Command:/usr/bin/make "cmTryCompileExec1643031805/fast"
/usr/bin/make -f CMakeFiles/cmTryCompileExec1643031805.dir/build.make CMakeFiles/cmTryCompileExec1643031805.dir/build
make[1]: Entering directory `/home/zejian/final_proj_short_cut/build/CMakeFiles/CMakeTmp'
/usr/bin/cmake -E cmake_progress_report /home/zejian/final_proj_short_cut/build/CMakeFiles/CMakeTmp/CMakeFiles 1
Building C object CMakeFiles/cmTryCompileExec1643031805.dir/CheckSymbolExists.c.o
/usr/bin/cc    -o CMakeFiles/cmTryCompileExec1643031805.dir/CheckSymbolExists.c.o   -c /home/zejian/final_proj_short_cut/build/CMakeFiles/CMakeTmp/CheckSymbolExists.c
Linking C executable cmTryCompileExec1643031805
/usr/bin/cmake -E cmake_link_script CMakeFiles/cmTryCompileExec1643031805.dir/link.txt --verbose=1
/usr/bin/cc       CMakeFiles/cmTryCompileExec1643031805.dir/CheckSymbolExists.c.o  -o cmTryCompileExec1643031805 -rdynamic 
CMakeFiles/cmTryCompileExec1643031805.dir/CheckSymbolExists.c.o: In function `main':
CheckSymbolExists.c:(.text+0xa): undefined reference to `pthread_create'
collect2: error: ld returned 1 exit status
make[1]: Leaving directory `/home/zejian/final_proj_short_cut/build/CMakeFiles/CMakeTmp'
make[1]: *** [cmTryCompileExec1643031805] Error 1
make: *** [cmTryCompileExec1643031805/fast] Error 2

File /home/zejian/final_proj_short_cut/build/CMakeFiles/CMakeTmp/CheckSymbolExists.c:
/* */
#include <pthread.h>

int main(int argc, char** argv)
{
  (void)argv;
#ifndef pthread_create
  return ((int*)(&pthread_create))[argc];
#else
  (void)argc;
  return 0;
#endif
}

Determining if the function pthread_create exists in the pthreads failed with the following output:
Change Dir: /home/zejian/final_proj_short_cut/build/CMakeFiles/CMakeTmp

Run Build Command:/usr/bin/make "cmTryCompileExec2953157158/fast"
/usr/bin/make -f CMakeFiles/cmTryCompileExec2953157158.dir/build.make CMakeFiles/cmTryCompileExec2953157158.dir/build
make[1]: Entering directory `/home/zejian/final_proj_short_cut/build/CMakeFiles/CMakeTmp'
/usr/bin/cmake -E cmake_progress_report /home/zejian/final_proj_short_cut/build/CMakeFiles/CMakeTmp/CMakeFiles 1
Building C object CMakeFiles/cmTryCompileExec2953157158.dir/CheckFunctionExists.c.o
/usr/bin/cc   -DCHECK_FUNCTION_EXISTS=pthread_create   -o CMakeFiles/cmTryCompileExec2953157158.dir/CheckFunctionExists.c.o   -c /usr/share/cmake-2.8/Modules/CheckFunctionExists.c
Linking C executable cmTryCompileExec2953157158
/usr/bin/cmake -E cmake_link_script CMakeFiles/cmTryCompileExec2953157158.dir/link.txt --verbose=1
/usr/bin/cc   -DCHECK_FUNCTION_EXISTS=pthread_create    CMakeFiles/cmTryCompileExec2953157158.dir/CheckFunctionExists.c.o  -o cmTryCompileExec2953157158 -rdynamic -lpthreads 
/usr/bin/ld: cannot find -lpthreads
collect2: error: ld returned 1 exit status
make[1]: *** [cmTryCompileExec2953157158] Error 1
make[1]: Leaving directory `/home/zejian/final_proj_short_cut/build/CMakeFiles/CMakeTmp'
make: *** [cmTryCompileExec2953157158/fast] Error 2


Determining if the Q_WS_WIN exist failed with the following output:
Change Dir: /home/zejian/final_proj_short_cut/build/CMakeFiles/CMakeTmp

Run Build Command:/usr/bin/make "cmTryCompileExec2614323690/fast"
/usr/bin/make -f CMakeFiles/cmTryCompileExec2614323690.dir/build.make CMakeFiles/cmTryCompileExec2614323690.dir/build
make[1]: Entering directory `/home/zejian/final_proj_short_cut/build/CMakeFiles/CMakeTmp'
/usr/bin/cmake -E cmake_progress_report /home/zejian/final_proj_short_cut/build/CMakeFiles/CMakeTmp/CMakeFiles 1
Building CXX object CMakeFiles/cmTryCompileExec2614323690.dir/CheckSymbolExists.cxx.o
/usr/bin/c++    -std=c++11   -I/usr/include/qt4    -o CMakeFiles/cmTryCompileExec2614323690.dir/CheckSymbolExists.cxx.o -c /home/zejian/final_proj_short_cut/build/CMakeFiles/CMakeTmp/CheckSymbolExists.cxx
/home/zejian/final_proj_short_cut/build/CMakeFiles/CMakeTmp/CheckSymbolExists.cxx: In function ‘int main(int, char**)’:
/home/zejian/final_proj_short_cut/build/CMakeFiles/CMakeTmp/CheckSymbolExists.cxx:8:19: error: ‘Q_WS_WIN’ was not declared in this scope
   return ((int*)(&Q_WS_WIN))[argc];
                   ^
make[1]: Leaving directory `/home/zejian/final_proj_short_cut/build/CMakeFiles/CMakeTmp'
make[1]: *** [CMakeFiles/cmTryCompileExec2614323690.dir/CheckSymbolExists.cxx.o] Error 1
make: *** [cmTryCompileExec2614323690/fast] Error 2

File /home/zejian/final_proj_short_cut/build/CMakeFiles/CMakeTmp/CheckSymbolExists.cxx:
/* */
#include <QtCore/qglobal.h>

int main(int argc, char** argv)
{
  (void)argv;
#ifndef Q_WS_WIN
  return ((int*)(&Q_WS_WIN))[argc];
#else
  (void)argc;
  return 0;
#endif
}

Determining if the Q_WS_QWS exist failed with the following output:
Change Dir: /home/zejian/final_proj_short_cut/build/CMakeFiles/CMakeTmp

Run Build Command:/usr/bin/make "cmTryCompileExec551180504/fast"
/usr/bin/make -f CMakeFiles/cmTryCompileExec551180504.dir/build.make CMakeFiles/cmTryCompileExec551180504.dir/build
make[1]: Entering directory `/home/zejian/final_proj_short_cut/build/CMakeFiles/CMakeTmp'
/usr/bin/cmake -E cmake_progress_report /home/zejian/final_proj_short_cut/build/CMakeFiles/CMakeTmp/CMakeFiles 1
Building CXX object CMakeFiles/cmTryCompileExec551180504.dir/CheckSymbolExists.cxx.o
/usr/bin/c++    -std=c++11   -I/usr/include/qt4    -o CMakeFiles/cmTryCompileExec551180504.dir/CheckSymbolExists.cxx.o -c /home/zejian/final_proj_short_cut/build/CMakeFiles/CMakeTmp/CheckSymbolExists.cxx
/home/zejian/final_proj_short_cut/build/CMakeFiles/CMakeTmp/CheckSymbolExists.cxx: In function ‘int main(int, char**)’:
/home/zejian/final_proj_short_cut/build/CMakeFiles/CMakeTmp/CheckSymbolExists.cxx:8:19: error: ‘Q_WS_QWS’ was not declared in this scope
   return ((int*)(&Q_WS_QWS))[argc];
                   ^
make[1]: *** [CMakeFiles/cmTryCompileExec551180504.dir/CheckSymbolExists.cxx.o] Error 1
make[1]: Leaving directory `/home/zejian/final_proj_short_cut/build/CMakeFiles/CMakeTmp'
make: *** [cmTryCompileExec551180504/fast] Error 2

File /home/zejian/final_proj_short_cut/build/CMakeFiles/CMakeTmp/CheckSymbolExists.cxx:
/* */
#include <QtCore/qglobal.h>

int main(int argc, char** argv)
{
  (void)argv;
#ifndef Q_WS_QWS
  return ((int*)(&Q_WS_QWS))[argc];
#else
  (void)argc;
  return 0;
#endif
}

Determining if the Q_WS_MAC exist failed with the following output:
Change Dir: /home/zejian/final_proj_short_cut/build/CMakeFiles/CMakeTmp

Run Build Command:/usr/bin/make "cmTryCompileExec3953187066/fast"
/usr/bin/make -f CMakeFiles/cmTryCompileExec3953187066.dir/build.make CMakeFiles/cmTryCompileExec3953187066.dir/build
make[1]: Entering directory `/home/zejian/final_proj_short_cut/build/CMakeFiles/CMakeTmp'
/usr/bin/cmake -E cmake_progress_report /home/zejian/final_proj_short_cut/build/CMakeFiles/CMakeTmp/CMakeFiles 1
Building CXX object CMakeFiles/cmTryCompileExec3953187066.dir/CheckSymbolExists.cxx.o
/usr/bin/c++    -std=c++11   -I/usr/include/qt4    -o CMakeFiles/cmTryCompileExec3953187066.dir/CheckSymbolExists.cxx.o -c /home/zejian/final_proj_short_cut/build/CMakeFiles/CMakeTmp/CheckSymbolExists.cxx
/home/zejian/final_proj_short_cut/build/CMakeFiles/CMakeTmp/CheckSymbolExists.cxx: In function ‘int main(int, char**)’:
/home/zejian/final_proj_short_cut/build/CMakeFiles/CMakeTmp/CheckSymbolExists.cxx:8:19: error: ‘Q_WS_MAC’ was not declared in this scope
   return ((int*)(&Q_WS_MAC))[argc];
                   ^
make[1]: *** [CMakeFiles/cmTryCompileExec3953187066.dir/CheckSymbolExists.cxx.o] Error 1
make[1]: Leaving directory `/home/zejian/final_proj_short_cut/build/CMakeFiles/CMakeTmp'
make: *** [cmTryCompileExec3953187066/fast] Error 2

File /home/zejian/final_proj_short_cut/build/CMakeFiles/CMakeTmp/CheckSymbolExists.cxx:
/* */
#include <QtCore/qglobal.h>

int main(int argc, char** argv)
{
  (void)argv;
#ifndef Q_WS_MAC
  return ((int*)(&Q_WS_MAC))[argc];
#else
  (void)argc;
  return 0;
#endif
}

